2021-06-28 11:33:53,887 : INFO : utilities.BaseClass : My profile added with textMy Account
2021-06-28 11:34:53,794 : INFO : utilities.BaseClass : My profile added with textMy Account
2021-06-28 11:52:32,801 : INFO : utilities.BaseClass : failed login message isYour username or password is incorrect
2021-06-28 11:52:51,082 : INFO : utilities.BaseClass : My profile added with textMy Account
2021-06-28 11:52:51,082 : INFO : utilities.BaseClass : My profile added with textMy Account
2021-06-28 11:55:14,551 : INFO : utilities.BaseClass : failed login message isYour username or password is incorrect
2021-06-28 11:55:14,551 : INFO : utilities.BaseClass : failed login message isYour username or password is incorrect
2021-06-28 11:55:29,366 : INFO : utilities.BaseClass : My profile added with textMy Account
2021-06-28 11:55:29,366 : INFO : utilities.BaseClass : My profile added with textMy Account
2021-06-28 11:55:29,366 : INFO : utilities.BaseClass : My profile added with textMy Account
2021-06-28 11:58:17,872 : INFO : utilities.BaseClass : profile page url is verifies ashttps://www.flipkart.com/account/?rd=0&link=home_account
2021-06-28 11:58:31,943 : INFO : utilities.BaseClass : failed login message isYour username or password is incorrect
2021-06-28 11:58:31,943 : INFO : utilities.BaseClass : failed login message isYour username or password is incorrect
2021-06-28 11:58:47,415 : INFO : utilities.BaseClass : My profile added with textMy Account
2021-06-28 11:58:47,415 : INFO : utilities.BaseClass : My profile added with textMy Account
2021-06-28 11:58:47,415 : INFO : utilities.BaseClass : My profile added with textMy Account
2021-06-28 14:45:31,119 : INFO : utilities.BaseClass : failed login message isYour username or password is incorrect
2021-06-28 14:45:31,119 : INFO : utilities.BaseClass : failed login message isYour username or password is incorrect
2021-06-28 14:46:02,802 : INFO : utilities.BaseClass : My profile added with textMy Account
2021-06-28 14:46:02,802 : INFO : utilities.BaseClass : My profile added with textMy Account
2021-06-28 14:46:02,802 : INFO : utilities.BaseClass : My profile added with textMy Account
2021-06-28 14:48:13,171 : INFO : utilities.BaseClass : profile page url is verified ashttps://www.flipkart.com/account/?rd=0&link=home_account
2021-06-28 14:48:28,852 : INFO : utilities.BaseClass : failed login message isYour username or password is incorrect
2021-06-28 14:48:28,852 : INFO : utilities.BaseClass : failed login message isYour username or password is incorrect
2021-06-28 14:48:48,558 : INFO : utilities.BaseClass : My profile added with textMy Account
2021-06-28 14:48:48,558 : INFO : utilities.BaseClass : My profile added with textMy Account
2021-06-28 14:48:48,558 : INFO : utilities.BaseClass : My profile added with textMy Account
2021-06-28 14:50:07,704 : INFO : utilities.BaseClass : profile page url is verified ashttps://www.flipkart.com/account/?rd=0&link=home_account
2021-06-28 14:50:20,792 : INFO : utilities.BaseClass : failed login message isYour username or password is incorrect
2021-06-28 14:50:20,792 : INFO : utilities.BaseClass : failed login message isYour username or password is incorrect
2021-06-28 14:50:40,098 : INFO : utilities.BaseClass : My profile added with textMy Account
2021-06-28 14:50:40,098 : INFO : utilities.BaseClass : My profile added with textMy Account
2021-06-28 14:50:40,098 : INFO : utilities.BaseClass : My profile added with textMy Account
2021-06-28 15:01:59,040 : INFO : utilities.BaseClass : profile page url is verified ashttps://www.flipkart.com/account/?rd=0&link=home_account
2021-06-28 15:02:58,718 : INFO : utilities.BaseClass : failed login message isYour username or password is incorrect
2021-06-28 15:02:58,718 : INFO : utilities.BaseClass : failed login message isYour username or password is incorrect
2021-06-28 15:03:13,619 : INFO : utilities.BaseClass : My profile added with textMy Account
2021-06-28 15:03:13,619 : INFO : utilities.BaseClass : My profile added with textMy Account
2021-06-28 15:03:13,619 : INFO : utilities.BaseClass : My profile added with textMy Account
2021-06-28 15:04:31,342 : INFO : utilities.BaseClass : profile page url is verified ashttps://www.flipkart.com/account/?rd=0&link=home_account
2021-06-28 15:04:48,366 : INFO : utilities.BaseClass : failed login message isYour username or password is incorrect
2021-06-28 15:04:48,366 : INFO : utilities.BaseClass : failed login message isYour username or password is incorrect
2021-06-28 15:05:01,100 : INFO : utilities.BaseClass : My profile added with text
2021-06-28 15:05:01,100 : INFO : utilities.BaseClass : My profile added with text
2021-06-28 15:05:01,100 : INFO : utilities.BaseClass : My profile added with text
2021-06-28 15:12:41,836 : INFO : utilities.BaseClass : profile page url is verified ashttps://www.flipkart.com/account/?rd=0&link=home_account
2021-06-28 15:12:56,279 : INFO : utilities.BaseClass : failed login message isYour username or password is incorrect
2021-06-28 15:12:56,279 : INFO : utilities.BaseClass : failed login message isYour username or password is incorrect
2021-06-28 15:15:05,551 : INFO : utilities.BaseClass : failed login message isYour username or password is incorrect
2021-06-28 15:15:05,551 : INFO : utilities.BaseClass : failed login message isYour username or password is incorrect
2021-06-28 15:15:28,554 : INFO : utilities.BaseClass : My profile added with textMy Account
2021-06-28 15:15:28,554 : INFO : utilities.BaseClass : My profile added with textMy Account
2021-06-28 15:15:28,554 : INFO : utilities.BaseClass : My profile added with textMy Account
2021-06-28 15:18:56,861 : INFO : utilities.BaseClass : My profile added with textMy Account
2021-06-28 15:19:42,638 : INFO : utilities.BaseClass : profile page url is verified ashttps://www.flipkart.com/account/?rd=0&link=home_account
2021-06-28 15:19:42,638 : INFO : utilities.BaseClass : profile page url is verified ashttps://www.flipkart.com/account/?rd=0&link=home_account
2021-06-28 15:19:42,638 : INFO : utilities.BaseClass : profile page url is verified ashttps://www.flipkart.com/account/?rd=0&link=home_account
2021-06-28 15:20:01,682 : INFO : utilities.BaseClass : failed login message isYour username or password is incorrect
2021-06-28 15:20:01,682 : INFO : utilities.BaseClass : failed login message isYour username or password is incorrect
2021-06-28 15:20:01,682 : INFO : utilities.BaseClass : failed login message isYour username or password is incorrect
2021-06-28 15:20:01,682 : INFO : utilities.BaseClass : failed login message isYour username or password is incorrect
2021-06-28 15:24:23,142 : INFO : utilities.BaseClass : My profile added with textMy Account
2021-06-28 15:24:36,511 : INFO : utilities.BaseClass : OTP for resetting password received
2021-06-28 15:24:36,511 : INFO : utilities.BaseClass : OTP for resetting password received
2021-06-28 15:24:56,976 : INFO : utilities.BaseClass : profile page url is verified ashttps://www.flipkart.com/account/?rd=0&link=home_account
2021-06-28 15:24:56,976 : INFO : utilities.BaseClass : profile page url is verified ashttps://www.flipkart.com/account/?rd=0&link=home_account
2021-06-28 15:24:56,976 : INFO : utilities.BaseClass : profile page url is verified ashttps://www.flipkart.com/account/?rd=0&link=home_account
2021-06-28 15:25:09,921 : INFO : utilities.BaseClass : failed login message isYour username or password is incorrect
2021-06-28 15:25:09,921 : INFO : utilities.BaseClass : failed login message isYour username or password is incorrect
2021-06-28 15:25:09,921 : INFO : utilities.BaseClass : failed login message isYour username or password is incorrect
2021-06-28 15:25:09,921 : INFO : utilities.BaseClass : failed login message isYour username or password is incorrect
2021-06-28 15:27:05,621 : INFO : utilities.BaseClass : My profile added with textMy Account
2021-06-28 15:27:18,581 : INFO : utilities.BaseClass : OTP for resetting password received
2021-06-28 15:27:18,581 : INFO : utilities.BaseClass : OTP for resetting password received
2021-06-28 15:27:33,357 : INFO : utilities.BaseClass : profile page url is verified as https://www.flipkart.com/account/?rd=0&link=home_account
2021-06-28 15:27:33,357 : INFO : utilities.BaseClass : profile page url is verified as https://www.flipkart.com/account/?rd=0&link=home_account
2021-06-28 15:27:33,357 : INFO : utilities.BaseClass : profile page url is verified as https://www.flipkart.com/account/?rd=0&link=home_account
2021-06-28 15:27:47,654 : INFO : utilities.BaseClass : failed login message is Your username or password is incorrect
2021-06-28 15:27:47,654 : INFO : utilities.BaseClass : failed login message is Your username or password is incorrect
2021-06-28 15:27:47,654 : INFO : utilities.BaseClass : failed login message is Your username or password is incorrect
2021-06-28 15:27:47,654 : INFO : utilities.BaseClass : failed login message is Your username or password is incorrect
2021-06-28 15:29:24,520 : INFO : utilities.BaseClass : My profile added with text My Account
2021-06-28 15:29:37,301 : INFO : utilities.BaseClass : OTP for resetting password received
2021-06-28 15:29:37,301 : INFO : utilities.BaseClass : OTP for resetting password received
2021-06-28 15:29:56,912 : INFO : utilities.BaseClass : profile page url is verified as https://www.flipkart.com/account/?rd=0&link=home_account
2021-06-28 15:29:56,912 : INFO : utilities.BaseClass : profile page url is verified as https://www.flipkart.com/account/?rd=0&link=home_account
2021-06-28 15:29:56,912 : INFO : utilities.BaseClass : profile page url is verified as https://www.flipkart.com/account/?rd=0&link=home_account
